<?xml version="1.0" encoding="UTF-8"?>
<testng-results ignored="0" total="12" passed="12" failed="0" skipped="0">
  <reporter-output>
  </reporter-output>
  <suite started-at="2023-07-13T19:02:05 IST" name="Default suite" finished-at="2023-07-13T19:02:05 IST" duration-ms="137">
    <groups>
    </groups>
    <test started-at="2023-07-13T19:02:05 IST" name="Default test" finished-at="2023-07-13T19:02:05 IST" duration-ms="137">
      <class name="test.PayRollServiceImplTest">
        <test-method is-config="true" signature="setUp()[pri:0, instance:test.PayRollServiceImplTest@5c153b9e]" started-at="2023-07-13T19:02:05 IST" name="setUp" finished-at="2023-07-13T19:02:05 IST" duration-ms="13" status="PASS">
          <reporter-output>
          </reporter-output>
        </test-method> <!-- setUp -->
        <test-method signature="testCalculateAdditions()[pri:0, instance:test.PayRollServiceImplTest@5c153b9e]" started-at="2023-07-13T19:02:05 IST" name="testCalculateAdditions" finished-at="2023-07-13T19:02:05 IST" duration-ms="9" status="PASS">
          <reporter-output>
          </reporter-output>
        </test-method> <!-- testCalculateAdditions -->
        <test-method signature="testCalculateBasicPay()[pri:0, instance:test.PayRollServiceImplTest@5c153b9e]" started-at="2023-07-13T19:02:05 IST" name="testCalculateBasicPay" finished-at="2023-07-13T19:02:05 IST" duration-ms="5" status="PASS">
          <reporter-output>
          </reporter-output>
        </test-method> <!-- testCalculateBasicPay -->
        <test-method signature="testCalculateDA()[pri:0, instance:test.PayRollServiceImplTest@5c153b9e]" started-at="2023-07-13T19:02:05 IST" name="testCalculateDA" finished-at="2023-07-13T19:02:05 IST" duration-ms="2" status="PASS">
          <reporter-output>
          </reporter-output>
        </test-method> <!-- testCalculateDA -->
        <test-method signature="testCalculateDeductions()[pri:0, instance:test.PayRollServiceImplTest@5c153b9e]" started-at="2023-07-13T19:02:05 IST" name="testCalculateDeductions" finished-at="2023-07-13T19:02:05 IST" duration-ms="2" status="PASS">
          <reporter-output>
          </reporter-output>
        </test-method> <!-- testCalculateDeductions -->
        <test-method signature="testCalculateESI()[pri:0, instance:test.PayRollServiceImplTest@5c153b9e]" started-at="2023-07-13T19:02:05 IST" name="testCalculateESI" finished-at="2023-07-13T19:02:05 IST" duration-ms="2" status="PASS">
          <reporter-output>
          </reporter-output>
        </test-method> <!-- testCalculateESI -->
        <test-method signature="testCalculateGratuity()[pri:0, instance:test.PayRollServiceImplTest@5c153b9e]" started-at="2023-07-13T19:02:05 IST" name="testCalculateGratuity" finished-at="2023-07-13T19:02:05 IST" duration-ms="2" status="PASS">
          <reporter-output>
          </reporter-output>
        </test-method> <!-- testCalculateGratuity -->
        <test-method signature="testCalculateHRA()[pri:0, instance:test.PayRollServiceImplTest@5c153b9e]" started-at="2023-07-13T19:02:05 IST" name="testCalculateHRA" finished-at="2023-07-13T19:02:05 IST" duration-ms="5" status="PASS">
          <reporter-output>
          </reporter-output>
        </test-method> <!-- testCalculateHRA -->
        <test-method signature="testCalculateNetPay()[pri:0, instance:test.PayRollServiceImplTest@5c153b9e]" started-at="2023-07-13T19:02:05 IST" name="testCalculateNetPay" finished-at="2023-07-13T19:02:05 IST" duration-ms="3" status="PASS">
          <reporter-output>
          </reporter-output>
        </test-method> <!-- testCalculateNetPay -->
        <test-method signature="testCalculatePF()[pri:0, instance:test.PayRollServiceImplTest@5c153b9e]" started-at="2023-07-13T19:02:05 IST" name="testCalculatePF" finished-at="2023-07-13T19:02:05 IST" duration-ms="2" status="PASS">
          <reporter-output>
          </reporter-output>
        </test-method> <!-- testCalculatePF -->
        <test-method signature="testCalculateTA()[pri:0, instance:test.PayRollServiceImplTest@5c153b9e]" started-at="2023-07-13T19:02:05 IST" name="testCalculateTA" finished-at="2023-07-13T19:02:05 IST" duration-ms="2" status="PASS">
          <reporter-output>
          </reporter-output>
        </test-method> <!-- testCalculateTA -->
        <test-method signature="testCalculateTax()[pri:0, instance:test.PayRollServiceImplTest@5c153b9e]" started-at="2023-07-13T19:02:05 IST" name="testCalculateTax" finished-at="2023-07-13T19:02:05 IST" duration-ms="2" status="PASS">
          <reporter-output>
          </reporter-output>
        </test-method> <!-- testCalculateTax -->
        <test-method signature="testCalculateTotalPay()[pri:0, instance:test.PayRollServiceImplTest@5c153b9e]" started-at="2023-07-13T19:02:05 IST" name="testCalculateTotalPay" finished-at="2023-07-13T19:02:05 IST" duration-ms="2" status="PASS">
          <reporter-output>
          </reporter-output>
        </test-method> <!-- testCalculateTotalPay -->
      </class> <!-- test.PayRollServiceImplTest -->
    </test> <!-- Default test -->
  </suite> <!-- Default suite -->
</testng-results>
